  main.cpp
d:\programs\vs projects\3d-game\3d game\main.cpp(182): warning C4244: 'initializing': conversion from 'double' to 'GLfloat', possible loss of data
d:\programs\vs projects\3d-game\3d game\main.cpp(275): warning C4244: '=': conversion from 'double' to 'GLfloat', possible loss of data
d:\programs\vs projects\3d-game\3d game\main.cpp(276): warning C4244: '=': conversion from 'double' to 'GLfloat', possible loss of data
d:\programs\vs projects\3d-game\3d game\main.cpp(280): warning C4244: 'initializing': conversion from 'double' to 'GLfloat', possible loss of data
d:\programs\vs projects\3d-game\3d game\main.cpp(281): warning C4244: 'initializing': conversion from 'double' to 'GLfloat', possible loss of data
d:\programs\vs projects\3d-game\3d game\main.cpp(283): warning C4244: '=': conversion from 'double' to 'GLfloat', possible loss of data
d:\programs\vs projects\3d-game\3d game\main.cpp(284): warning C4244: '=': conversion from 'double' to 'GLfloat', possible loss of data
d:\programs\vs projects\3d-game\3d game\main.cpp(290): warning C4244: 'argument': conversion from 'double' to 'GLfloat', possible loss of data
  SOIL2.c
d:\programs\vs projects\3d-game\3d game\soil2\stbi_dds_c.h(46): warning C4996: 'fopen': This function or variable may be unsafe. Consider using fopen_s instead. To disable deprecation, use _CRT_SECURE_NO_WARNINGS. See online help for details.
  c:\program files (x86)\windows kits\10\include\10.0.15063.0\ucrt\stdio.h(207): note: see declaration of 'fopen'
d:\programs\vs projects\3d-game\3d game\soil2\stbi_dds_c.h(320): warning C4996: 'fopen': This function or variable may be unsafe. Consider using fopen_s instead. To disable deprecation, use _CRT_SECURE_NO_WARNINGS. See online help for details.
  c:\program files (x86)\windows kits\10\include\10.0.15063.0\ucrt\stdio.h(207): note: see declaration of 'fopen'
d:\programs\vs projects\3d-game\3d game\soil2\stbi_dds_c.h(569): warning C4996: 'fopen': This function or variable may be unsafe. Consider using fopen_s instead. To disable deprecation, use _CRT_SECURE_NO_WARNINGS. See online help for details.
  c:\program files (x86)\windows kits\10\include\10.0.15063.0\ucrt\stdio.h(207): note: see declaration of 'fopen'
d:\programs\vs projects\3d-game\3d game\soil2\stbi_pvr_c.h(31): warning C4996: 'fopen': This function or variable may be unsafe. Consider using fopen_s instead. To disable deprecation, use _CRT_SECURE_NO_WARNINGS. See online help for details.
  c:\program files (x86)\windows kits\10\include\10.0.15063.0\ucrt\stdio.h(207): note: see declaration of 'fopen'
d:\programs\vs projects\3d-game\3d game\soil2\stbi_pvr_c.h(150): warning C4996: 'fopen': This function or variable may be unsafe. Consider using fopen_s instead. To disable deprecation, use _CRT_SECURE_NO_WARNINGS. See online help for details.
  c:\program files (x86)\windows kits\10\include\10.0.15063.0\ucrt\stdio.h(207): note: see declaration of 'fopen'
d:\programs\vs projects\3d-game\3d game\soil2\stbi_pvr_c.h(981): warning C4996: 'fopen': This function or variable may be unsafe. Consider using fopen_s instead. To disable deprecation, use _CRT_SECURE_NO_WARNINGS. See online help for details.
  c:\program files (x86)\windows kits\10\include\10.0.15063.0\ucrt\stdio.h(207): note: see declaration of 'fopen'
d:\programs\vs projects\3d-game\3d game\soil2\stbi_pkm_c.h(46): warning C4996: 'fopen': This function or variable may be unsafe. Consider using fopen_s instead. To disable deprecation, use _CRT_SECURE_NO_WARNINGS. See online help for details.
  c:\program files (x86)\windows kits\10\include\10.0.15063.0\ucrt\stdio.h(207): note: see declaration of 'fopen'
d:\programs\vs projects\3d-game\3d game\soil2\stbi_pkm_c.h(120): warning C4996: 'fopen': This function or variable may be unsafe. Consider using fopen_s instead. To disable deprecation, use _CRT_SECURE_NO_WARNINGS. See online help for details.
  c:\program files (x86)\windows kits\10\include\10.0.15063.0\ucrt\stdio.h(207): note: see declaration of 'fopen'
d:\programs\vs projects\3d-game\3d game\soil2\stbi_pkm_c.h(207): warning C4996: 'fopen': This function or variable may be unsafe. Consider using fopen_s instead. To disable deprecation, use _CRT_SECURE_NO_WARNINGS. See online help for details.
  c:\program files (x86)\windows kits\10\include\10.0.15063.0\ucrt\stdio.h(207): note: see declaration of 'fopen'
d:\programs\vs projects\3d-game\3d game\soil2\stbi_ext_c.h(53): warning C4996: 'fopen': This function or variable may be unsafe. Consider using fopen_s instead. To disable deprecation, use _CRT_SECURE_NO_WARNINGS. See online help for details.
  c:\program files (x86)\windows kits\10\include\10.0.15063.0\ucrt\stdio.h(207): note: see declaration of 'fopen'
d:\programs\vs projects\3d-game\3d game\soil2\stb_image_write.h(222): warning C4996: 'fopen': This function or variable may be unsafe. Consider using fopen_s instead. To disable deprecation, use _CRT_SECURE_NO_WARNINGS. See online help for details.
  c:\program files (x86)\windows kits\10\include\10.0.15063.0\ucrt\stdio.h(207): note: see declaration of 'fopen'
d:\programs\vs projects\3d-game\3d game\soil2\stb_image_write.h(613): warning C4996: 'sprintf': This function or variable may be unsafe. Consider using sprintf_s instead. To disable deprecation, use _CRT_SECURE_NO_WARNINGS. See online help for details.
  c:\program files (x86)\windows kits\10\include\10.0.15063.0\ucrt\stdio.h(1772): note: see declaration of 'sprintf'
d:\programs\vs projects\3d-game\3d game\soil2\stb_image_write.h(997): warning C4996: 'fopen': This function or variable may be unsafe. Consider using fopen_s instead. To disable deprecation, use _CRT_SECURE_NO_WARNINGS. See online help for details.
  c:\program files (x86)\windows kits\10\include\10.0.15063.0\ucrt\stdio.h(207): note: see declaration of 'fopen'
d:\programs\vs projects\3d-game\3d game\soil2\jo_jpeg.h(249): warning C4996: 'fopen': This function or variable may be unsafe. Consider using fopen_s instead. To disable deprecation, use _CRT_SECURE_NO_WARNINGS. See online help for details.
  c:\program files (x86)\windows kits\10\include\10.0.15063.0\ucrt\stdio.h(207): note: see declaration of 'fopen'
d:\programs\vs projects\3d-game\3d game\soil2\soil2.c(2283): warning C4996: 'fopen': This function or variable may be unsafe. Consider using fopen_s instead. To disable deprecation, use _CRT_SECURE_NO_WARNINGS. See online help for details.
  c:\program files (x86)\windows kits\10\include\10.0.15063.0\ucrt\stdio.h(207): note: see declaration of 'fopen'
d:\programs\vs projects\3d-game\3d game\soil2\soil2.c(2600): warning C4996: 'fopen': This function or variable may be unsafe. Consider using fopen_s instead. To disable deprecation, use _CRT_SECURE_NO_WARNINGS. See online help for details.
  c:\program files (x86)\windows kits\10\include\10.0.15063.0\ucrt\stdio.h(207): note: see declaration of 'fopen'
d:\programs\vs projects\3d-game\3d game\soil2\soil2.c(2737): warning C4996: 'fopen': This function or variable may be unsafe. Consider using fopen_s instead. To disable deprecation, use _CRT_SECURE_NO_WARNINGS. See online help for details.
  c:\program files (x86)\windows kits\10\include\10.0.15063.0\ucrt\stdio.h(207): note: see declaration of 'fopen'
  image_helper.c
  image_DXT.c
d:\programs\vs projects\3d-game\3d game\soil2\image_dxt.c(92): warning C4996: 'fopen': This function or variable may be unsafe. Consider using fopen_s instead. To disable deprecation, use _CRT_SECURE_NO_WARNINGS. See online help for details.
  c:\program files (x86)\windows kits\10\include\10.0.15063.0\ucrt\stdio.h(207): note: see declaration of 'fopen'
  etc1_utils.c
  Generating Code...
LINK : warning LNK4098: defaultlib 'LIBCMT' conflicts with use of other libs; use /NODEFAULTLIB:library
LINK : warning LNK4098: defaultlib 'MSVCRT' conflicts with use of other libs; use /NODEFAULTLIB:library
glew32s.lib(glew.obj) : warning LNK4099: PDB 'vc120.pdb' was not found with 'glew32s.lib(glew.obj)' or at 'D:\Programs\VS Projects\3D-Game\Debug\vc120.pdb'; linking object as if no debug info
  3D Game.vcxproj -> D:\Programs\VS Projects\3D-Game\Debug\3D Game.exe
  3D Game.vcxproj -> D:\Programs\VS Projects\3D-Game\Debug\3D Game.pdb (Partial PDB)
